# JRE version: Java(TM) SE Runtime Environment (25.0+37) (build 25+37-LTS-3491)
# Java VM: Java HotSpot(TM) 64-Bit Server VM (25+37-LTS-3491, mixed mode, sharing, tiered, compressed oops, compressed class ptrs, g1 gc, windows-amd64)
GC Precious Log:
 CardTable entry size: 512
 Card Set container configuration: InlinePtr #cards 5 size 8 Array Of Cards #cards 10 size 36 Howl #buckets 4 coarsen threshold 1843 Howl Bitmap #cards 512 size 80 coarsen threshold 460 Card regions per heap region 1 cards per card region 2048
 CPUs: 12 total, 12 available
 Memory: 7915M
 Large Page Support: Disabled
 NUMA Support: Disabled
 Compressed Oops: Enabled (32-bit)
 Heap Region Size: 1M
 Heap Min Capacity: 8M
 Heap Initial Capacity: 124M
 Heap Max Capacity: 1980M
 Pre-touch: Disabled
 Parallel Workers: 10
 Concurrent Workers: 3
 Concurrent Refinement Workers: 10
 Periodic GC: Disabled
Heap:
 garbage-first heap   total reserved 2027520K, committed 60416K, used 40959K [0x0000000084400000, 0x0000000100000000)
  region size 1024K, 25 young (25600K), 2 survivors (2048K)
GC Heap Usage History (10 events):
Event: 10.605 {heap Before GC invocations=0 (full 0):
 garbage-first heap   total reserved 2027520K, committed 129024K, used 54421K [0x0000000084400000, 0x0000000100000000)
  region size 1024K, 47 young (48128K), 0 survivors (0K)
}
Event: 10.624 {heap After GC invocations=1 (full 0):
 garbage-first heap   total reserved 2027520K, committed 129024K, used 14578K [0x0000000084400000, 0x0000000100000000)
  region size 1024K, 6 young (6144K), 6 survivors (6144K)
}
Event: 10.646 {heap Before GC invocations=1 (full 0):
 garbage-first heap   total reserved 2027520K, committed 129024K, used 15602K [0x0000000084400000, 0x0000000100000000)
  region size 1024K, 8 young (8192K), 6 survivors (6144K)
}
Event: 10.653 {heap After GC invocations=2 (full 0):
 garbage-first heap   total reserved 2027520K, committed 129024K, used 15775K [0x0000000084400000, 0x0000000100000000)
  region size 1024K, 1 young (1024K), 1 survivors (1024K)
}
Event: 204.091 {heap Before GC invocations=3 (full 0):
 garbage-first heap   total reserved 2027520K, committed 58368K, used 56735K [0x0000000084400000, 0x0000000100000000)
  region size 1024K, 41 young (41984K), 1 survivors (1024K)
}
Event: 204.095 {heap After GC invocations=4 (full 0):
 garbage-first heap   total reserved 2027520K, committed 60416K, used 16546K [0x0000000084400000, 0x0000000100000000)
  region size 1024K, 2 young (2048K), 2 survivors (2048K)
}
Event: 259.873 {heap Before GC invocations=4 (full 0):
 garbage-first heap   total reserved 2027520K, committed 60416K, used 43170K [0x0000000084400000, 0x0000000100000000)
  region size 1024K, 28 young (28672K), 2 survivors (2048K)
}
Event: 259.876 {heap After GC invocations=5 (full 0):
 garbage-first heap   total reserved 2027520K, committed 60416K, used 18007K [0x0000000084400000, 0x0000000100000000)
  region size 1024K, 4 young (4096K), 4 survivors (4096K)
}
Event: 344.414 {heap Before GC invocations=5 (full 0):
 garbage-first heap   total reserved 2027520K, committed 60416K, used 44631K [0x0000000084400000, 0x0000000100000000)
  region size 1024K, 30 young (30720K), 4 survivors (4096K)
}
Event: 344.418 {heap After GC invocations=6 (full 0):
 garbage-first heap   total reserved 2027520K, committed 60416K, used 18431K [0x0000000084400000, 0x0000000100000000)
  region size 1024K, 2 young (2048K), 2 survivors (2048K)
}

